21:30:31.532 spring-boot-logging [http-nio-8181-exec-2] DEBUG c.a.s.mapper.SysuserMapper.selectOne - ==>  Preparing: SELECT id,nickName,userName,password,status,lockEnding,role FROM sysuser WHERE userName = ? 
21:30:31.547 spring-boot-logging [http-nio-8181-exec-2] DEBUG c.a.s.mapper.SysuserMapper.selectOne - ==> Parameters: root(String)
21:30:31.563 spring-boot-logging [http-nio-8181-exec-2] DEBUG c.a.s.mapper.SysuserMapper.selectOne - <==      Total: 1
21:30:31.610 spring-boot-logging [http-nio-8181-exec-2] DEBUG c.a.s.mapper.SysuserMapper.selectOne - ==>  Preparing: SELECT id,nickName,userName,password,status,lockEnding,role FROM sysuser WHERE userName = ? AND password = ? 
21:30:31.610 spring-boot-logging [http-nio-8181-exec-2] DEBUG c.a.s.mapper.SysuserMapper.selectOne - ==> Parameters: root(String), root(String)
21:30:31.610 spring-boot-logging [http-nio-8181-exec-2] DEBUG c.a.s.mapper.SysuserMapper.selectOne - <==      Total: 1
21:31:19.766 spring-boot-logging [http-nio-8181-exec-5] DEBUG c.a.s.mapper.SysuserMapper.selectOne - ==>  Preparing: SELECT id,nickName,userName,password,status,lockEnding,role FROM sysuser WHERE userName = ? 
21:31:19.766 spring-boot-logging [http-nio-8181-exec-5] DEBUG c.a.s.mapper.SysuserMapper.selectOne - ==> Parameters: root(String)
21:31:19.767 spring-boot-logging [http-nio-8181-exec-5] DEBUG c.a.s.mapper.SysuserMapper.selectOne - <==      Total: 1
21:31:19.769 spring-boot-logging [http-nio-8181-exec-5] DEBUG c.a.s.mapper.SysuserMapper.selectOne - ==>  Preparing: SELECT id,nickName,userName,password,status,lockEnding,role FROM sysuser WHERE userName = ? AND password = ? 
21:31:19.769 spring-boot-logging [http-nio-8181-exec-5] DEBUG c.a.s.mapper.SysuserMapper.selectOne - ==> Parameters: root(String), root(String)
21:31:19.770 spring-boot-logging [http-nio-8181-exec-5] DEBUG c.a.s.mapper.SysuserMapper.selectOne - <==      Total: 1
21:46:11.746 spring-boot-logging [http-nio-8181-exec-4] DEBUG c.a.s.mapper.SysuserMapper.selectOne - ==>  Preparing: SELECT id,nickName,userName,password,status,lockEnding,role FROM sysuser WHERE userName = ? 
21:46:11.759 spring-boot-logging [http-nio-8181-exec-4] DEBUG c.a.s.mapper.SysuserMapper.selectOne - ==> Parameters: root(String)
21:46:11.774 spring-boot-logging [http-nio-8181-exec-4] DEBUG c.a.s.mapper.SysuserMapper.selectOne - <==      Total: 1
21:48:28.222 spring-boot-logging [http-nio-8181-exec-10] DEBUG c.a.s.mapper.SysuserMapper.selectOne - ==>  Preparing: SELECT id,nickName,userName,password,status,lockEnding,role FROM sysuser WHERE userName = ? 
21:48:28.223 spring-boot-logging [http-nio-8181-exec-10] DEBUG c.a.s.mapper.SysuserMapper.selectOne - ==> Parameters: root(String)
21:48:28.224 spring-boot-logging [http-nio-8181-exec-10] DEBUG c.a.s.mapper.SysuserMapper.selectOne - <==      Total: 1
21:48:35.988 spring-boot-logging [http-nio-8181-exec-1] DEBUG c.a.s.mapper.SysuserMapper.selectOne - ==>  Preparing: SELECT id,nickName,userName,password,status,lockEnding,role FROM sysuser WHERE userName = ? 
21:48:35.988 spring-boot-logging [http-nio-8181-exec-1] DEBUG c.a.s.mapper.SysuserMapper.selectOne - ==> Parameters: root2(String)
21:48:35.989 spring-boot-logging [http-nio-8181-exec-1] DEBUG c.a.s.mapper.SysuserMapper.selectOne - <==      Total: 0
