十一月 08, 2020 9:32:50 下午 io.github.yedaxia.apidocs.LogUtils info
信息: info: find java src paths:  [D:\E_softwareFiles\Eclipse\graduationProject_\code\HumanResourceManagementSystem\src\main\java\]
十一月 08, 2020 9:32:50 下午 io.github.yedaxia.apidocs.LogUtils info
信息: info: project type not set, try to figure out...
十一月 08, 2020 9:32:50 下午 io.github.yedaxia.apidocs.LogUtils info
信息: info: start find controllers in path : D:\E_softwareFiles\Eclipse\graduationProject_\code\HumanResourceManagementSystem\src\main\java\
十一月 08, 2020 9:32:50 下午 io.github.yedaxia.apidocs.LogUtils info
信息: info: find controller file : GuestController.java
十一月 08, 2020 9:32:50 下午 io.github.yedaxia.apidocs.LogUtils info
信息: info: find controller file : GuestController2.java
十一月 08, 2020 9:32:50 下午 io.github.yedaxia.apidocs.LogUtils info
信息: info: start to parse controller file : GuestController.java
十一月 08, 2020 9:32:51 下午 io.github.yedaxia.apidocs.LogUtils info
信息: info: success to parse controller file : GuestController.java
十一月 08, 2020 9:32:51 下午 io.github.yedaxia.apidocs.LogUtils info
信息: info: start to parse controller file : GuestController2.java
十一月 08, 2020 9:32:51 下午 io.github.yedaxia.apidocs.LogUtils info
信息: info: success to parse controller file : GuestController2.java
十一月 08, 2020 9:32:51 下午 io.github.yedaxia.apidocs.LogUtils info
信息: info: generate api docs start...
十一月 08, 2020 9:32:51 下午 io.github.yedaxia.apidocs.LogUtils info
信息: info: start to generate docs for controller file : D:\E_softwareFiles\Eclipse\graduationProject_\code\HumanResourceManagementSystem\src\main\java\com\anxing\sys\controller\GuestController.java
十一月 08, 2020 9:32:51 下午 io.github.yedaxia.apidocs.LogUtils info
信息: info: success to generate docs for controller file : D:\E_softwareFiles\Eclipse\graduationProject_\code\HumanResourceManagementSystem\src\main\java\com\anxing\sys\controller\GuestController.java
十一月 08, 2020 9:32:51 下午 io.github.yedaxia.apidocs.LogUtils info
信息: info: start to generate docs for controller file : D:\E_softwareFiles\Eclipse\graduationProject_\code\HumanResourceManagementSystem\src\main\java\com\anxing\sys\controller\GuestController2.java
十一月 08, 2020 9:32:51 下午 io.github.yedaxia.apidocs.LogUtils info
信息: info: success to generate docs for controller file : D:\E_softwareFiles\Eclipse\graduationProject_\code\HumanResourceManagementSystem\src\main\java\com\anxing\sys\controller\GuestController2.java
十一月 08, 2020 9:32:51 下午 io.github.yedaxia.apidocs.LogUtils info
信息: info: generate index start !!!
十一月 08, 2020 9:32:51 下午 io.github.yedaxia.apidocs.LogUtils info
信息: info: generate index done !!!
十一月 08, 2020 9:32:51 下午 io.github.yedaxia.apidocs.LogUtils info
信息: info: generate api docs done !!!
